<?xml version="1.0" encoding="UTF-8"?>
<!-- Generated by org.testng.reporters.JUnitReportReporter -->
<testsuite hostname="User-pc" failures="0" tests="1" name="ExperitestProject.ExperitestSearch" time="17.778" errors="0" timestamp="2020-11-11T17:52:20 IST" skipped="0">
  <testcase classname="ExperitestProject.ExperitestSearch" name="browserTestGoogleSearch" time="17.778"/>
  <system-out/>
</testsuite> <!-- ExperitestProject.ExperitestSearch -->
